<?xml version="1.0" encoding="UTF-8"?>
<!-- Generated by org.testng.reporters.JUnitXMLReporter -->
<testsuite ignored="0" hostname="PreethiArukonda" failures="0" tests="4" name="Default test" time="15.005" errors="0" timestamp="2026-02-11T18:59:01 IST">
  <testcase classname="tests.Login_Test_cases" name="testBlankLogin" time="0.322"/>
  <testcase classname="tests.Login_Test_cases" name="testInvalidPassword" time="0.384"/>
  <testcase classname="tests.Login_Test_cases" name="testLockedUserLogin" time="0.382"/>
  <testcase classname="tests.Login_Test_cases" name="testValidLogin" time="0.354"/>
</testsuite> <!-- Default test -->
