<?xml version="1.0" encoding="UTF-8"?>
<!-- Generated by org.testng.reporters.JUnitXMLReporter -->
<testsuite ignored="0" hostname="PreethiArukonda" failures="0" tests="8" name="Test" time="35.242" errors="0" timestamp="2026-05-12T20:59:52 IST">
  <testcase classname="Tests.CartTests" name="testCartPersistance" time="0.498"/>
  <testcase classname="Tests.CartTests" name="testCheckOutBtn" time="0.364"/>
  <testcase classname="Tests.CartTests" name="testContinueShoppingNav" time="0.395"/>
  <testcase classname="Tests.CartTests" name="testEmptyCart" time="5.167"/>
  <testcase classname="Tests.CartTests" name="testMultipleProductsinCart" time="0.403"/>
  <testcase classname="Tests.CartTests" name="testProductDetails" time="0.308"/>
  <testcase classname="Tests.CartTests" name="testProductVisibleInCart" time="0.25"/>
  <testcase classname="Tests.CartTests" name="testRemoveProductFromCart" time="5.327"/>
</testsuite> <!-- Test -->
