<?xml version="1.0" encoding="UTF-8"?>

<testng-results ignored="5" total="6" passed="1" failed="0" skipped="0">
  <reporter-output>
  </reporter-output>
  <suite started-at="2026-05-12T22:17:24 IST" name="Default suite" finished-at="2026-05-12T22:17:29 IST" duration-ms="4372">
    <groups>
    </groups>
    <test started-at="2026-05-12T22:17:24 IST" name="Default test" finished-at="2026-05-12T22:17:29 IST" duration-ms="4372">
      <class name="Tests.CheckoutTests">
        <test-method is-config="true" signature="browserSetUp()[pri:0, instance:Tests.CheckoutTests@7586beff]" started-at="2026-05-12T22:17:24 IST" name="browserSetUp" finished-at="2026-05-12T22:17:27 IST" duration-ms="2980" status="PASS">
          <reporter-output>
          </reporter-output>
        </test-method> <!-- browserSetUp -->
        <test-method is-config="true" signature="loginAndAddProduct()[pri:0, instance:Tests.CheckoutTests@7586beff]" started-at="2026-05-12T22:17:27 IST" name="loginAndAddProduct" finished-at="2026-05-12T22:17:28 IST" duration-ms="676" status="PASS">
          <reporter-output>
          </reporter-output>
        </test-method> <!-- loginAndAddProduct -->
        <test-method signature="testCancelCheckOut()[pri:0, instance:Tests.CheckoutTests@7586beff]" started-at="2026-05-12T22:17:28 IST" name="testCancelCheckOut" finished-at="2026-05-12T22:17:28 IST" duration-ms="189" status="PASS">
          <reporter-output>
          </reporter-output>
        </test-method> <!-- testCancelCheckOut -->
        <test-method is-config="true" signature="browserTearDown()[pri:0, instance:Tests.CheckoutTests@7586beff]" started-at="2026-05-12T22:17:28 IST" name="browserTearDown" finished-at="2026-05-12T22:17:29 IST" duration-ms="477" status="PASS">
          <reporter-output>
          </reporter-output>
        </test-method> <!-- browserTearDown -->
      </class> <!-- Tests.CheckoutTests -->

    </test> <!-- Default test -->
  </suite> <!-- Default suite -->
</testng-results>
