<?xml version="1.0" encoding="UTF-8"?>
<testng-results ignored="0" total="3" passed="3" failed="0" skipped="0">
  <reporter-output>
  </reporter-output>
  <suite started-at="2026-02-11T14:30:20 IST" name="Default suite" finished-at="2026-02-11T14:30:29 IST" duration-ms="8838">
    <groups>
    </groups>
    <test started-at="2026-02-11T14:30:20 IST" name="Default test" finished-at="2026-02-11T14:30:29 IST" duration-ms="8838">
      <class name="selenium_java_automation.SwagLabs.Login_Test_cases">
        <test-method signature="testBlankLogin()[pri:0, instance:selenium_java_automation.SwagLabs.Login_Test_cases@1e800aaa]" started-at="2026-02-11T14:30:20 IST" name="testBlankLogin" finished-at="2026-02-11T14:30:24 IST" duration-ms="3425" status="PASS">
          <reporter-output>
          </reporter-output>
        </test-method> <!-- testBlankLogin -->
        <test-method signature="testInvalidPassword()[pri:0, instance:selenium_java_automation.SwagLabs.Login_Test_cases@1e800aaa]" started-at="2026-02-11T14:30:24 IST" name="testInvalidPassword" finished-at="2026-02-11T14:30:26 IST" duration-ms="2461" status="PASS">
          <reporter-output>
          </reporter-output>
        </test-method> <!-- testInvalidPassword -->
        <test-method signature="testValidLogin()[pri:0, instance:selenium_java_automation.SwagLabs.Login_Test_cases@1e800aaa]" started-at="2026-02-11T14:30:26 IST" name="testValidLogin" finished-at="2026-02-11T14:30:29 IST" duration-ms="2900" status="PASS">
          <reporter-output>
          </reporter-output>
        </test-method> <!-- testValidLogin -->
      </class> <!-- selenium_java_automation.SwagLabs.Login_Test_cases -->
    </test> <!-- Default test -->
  </suite> <!-- Default suite -->
</testng-results>
