<?xml version="1.0" encoding="UTF-8"?>
<!-- Generated by org.testng.reporters.JUnitReportReporter -->
<testsuite hostname="PreethiArukonda" failures="0" tests="4" name="tests.Login_Test_cases" time="14.955" errors="0" timestamp="2026-02-11T18:59:01 IST" skipped="0">
  <testcase classname="tests.Login_Test_cases" name="testLockedUserLogin" time="3.254"/>
  <testcase classname="tests.Login_Test_cases" name="testBlankLogin" time="3.010"/>
  <testcase classname="tests.Login_Test_cases" name="testInvalidPassword" time="4.852"/>
  <testcase classname="tests.Login_Test_cases" name="testValidLogin" time="3.839"/>
</testsuite> <!-- tests.Login_Test_cases -->
