<?xml version="1.0" encoding="UTF-8"?>
<!-- Generated by org.testng.reporters.JUnitReportReporter -->
<testsuite hostname="PreethiArukonda" failures="0" tests="4" name="Tests.LoginTests" time="12.557" errors="0" timestamp="2026-05-12T20:15:46 IST" skipped="0">
  <testcase classname="Tests.LoginTests" name="testValidLogin" time="2.995"/>
  <testcase classname="Tests.LoginTests" name="testInvalidPassword" time="3.901"/>
  <testcase classname="Tests.LoginTests" name="testBlankLogin" time="3.039"/>
  <testcase classname="Tests.LoginTests" name="testLockedUser" time="2.622"/>
</testsuite> <!-- Tests.LoginTests -->
