<?xml version="1.0" encoding="UTF-8"?>
<!-- Generated by org.testng.reporters.JUnitReportReporter -->
<testsuite hostname="PreethiArukonda" failures="0" tests="2" name="JavaSelenium.SauceDemo.LoginTests" time="12.296" errors="0" timestamp="2026-01-04T19:49:46 IST" skipped="0">
  <testcase classname="JavaSelenium.SauceDemo.LoginTests" name="testInvalidPassword" time="9.059"/>
  <testcase classname="JavaSelenium.SauceDemo.LoginTests" name="testValidLogin" time="3.237"/>
</testsuite> <!-- JavaSelenium.SauceDemo.LoginTests -->
