<?xml version="1.0" encoding="UTF-8"?>
<!-- Generated by org.testng.reporters.JUnitReportReporter -->
<testsuite hostname="PreethiArukonda" failures="0" tests="5" name="Tests.productsTests" time="19.396" errors="0" timestamp="2026-05-12T20:16:54 IST" skipped="0">
  <testcase classname="Tests.productsTests" name="testAddMultipleProductsToCart" time="3.914"/>
  <testcase classname="Tests.productsTests" name="testAddSingleProductToCart" time="2.087"/>
  <testcase classname="Tests.productsTests" name="testCartBadgeUpdates" time="2.787"/>
  <testcase classname="Tests.productsTests" name="testProductListDisplayed" time="2.474"/>
  <testcase classname="Tests.productsTests" name="testRemoveProductFromCart" time="8.134"/>
</testsuite> <!-- Tests.productsTests -->
