<?xml version="1.0" encoding="UTF-8"?>
<!-- Generated by org.testng.reporters.JUnitReportReporter -->
<testsuite hostname="PreethiArukonda" failures="0" tests="3" name="selenium_java_automation.SwagLabs.Login_Test_cases" time="8.786" errors="0" timestamp="2026-02-11T14:30:29 IST" skipped="0">
  <testcase classname="selenium_java_automation.SwagLabs.Login_Test_cases" name="testInvalidPassword" time="2.461"/>
  <testcase classname="selenium_java_automation.SwagLabs.Login_Test_cases" name="testBlankLogin" time="3.425"/>
  <testcase classname="selenium_java_automation.SwagLabs.Login_Test_cases" name="testValidLogin" time="2.900"/>
</testsuite> <!-- selenium_java_automation.SwagLabs.Login_Test_cases -->
